4871
4545
3750
4142
3787
3690
4761
4900
4193
4714
4363
3906
4871
5000
3630
4464
4210
3557
5000
4600
5818
3510
4729
3777
4500
3488
4482
4600
5859
4057
3692
3250
4000
3581
4698
4342
3373
4415
3189
3363
4705
3492
5612
4545
4312
3942
4354
3636
4528
5142
3823
3906
4116
4714
5000
3815
4694
4210
3611
3604
4743
3181
5000
4600
3409
4302
4477
4342
4611
4937
3906
4383
5172
4567
4000
4632
4515
4375
4700
4117
5000
4062
4700
4133
3823
4161
3843
3474
4300
4255
4375
3382
3388
5283
4097
4195
3695
3700
4000
4468
5072
4692
4328
3467
3333
3709
4000
3735
3809
3593
3939
4605
4485
4868
4090
3825
5119
3906
3387
4625
4400
4142
4000
3953
4250
4523
4179
4358
4268
4210
4056
3166
4909
3837
4027
3913
3695
3725
3898
4583
4015
4583
4426
5076
4776
3695
4477
3857
3904
3037
5714
3733
3105
3750
3750
4294
4155
4375
4482
4016
4358
3750
3250
4354
4594
3875
4354
4375
4128
4722
4342
5000
3923
4487
4125
3783
4125
4250
3944
3846
5092
4259
3863
4545
4363
4024
3750
4054
3800
4743
4000
3780
4262
4333
4210
4210
3412
4107
3533
3473
5754
4144
5625
3793
3767
4393
3750
4000
5000
5151
4705
5357
4900
3870
5060
4735
5100
5200
3645
4000
4555
4186
5454
5862
3844
4111
3421
5833
5333
4144
4935
5324
4577
3260
5000
4285
3904
5487
4000
3939
4615
4878
4526
5060
4102
5000
4677
4343
4375
4571
5312
5571
5714
3921
5681
5454
5686
5240
3172
5344
4934
3613
4318
5208
5000
4375
4555
5967
5750
4000
5333
5166
4487
5313
5000
5306
4415
3656
5000
4218
3863
6000
4615
4000
4625
4605
4354
4705
3837
4285
5000
5161
5384
5000
5111
4531
4666
4627
4615
3869
4717
4375
3837
4024
4285
4186
4000
4833
4615
4923
4375
4852
4304
4333
3886
3984
4000
5000
5609
3788
4568
5714
4353
4181
5660
5747
4725
4857
5606
4354
5333
4933
4642
3000
5625
6000
5500
5300
5000
5000
5333
5263
5419
4492
3847
4666
5106
4761
5416
5300
4469
4615
5820
4833
5379
4358
5333
4000
4461
4615
4761
4583
5121
