Case #1: 0 2
Case #2: 1 0
Case #3: 3 2
Case #4: 0 2
Case #5: 3 2
Case #6: 4 0
Case #7: 2 5
Case #8: 6 8
Case #9: 1 9
Case #10: 0 44
Case #11: 11 33
Case #12: 4 28
Case #13: 84 7
Case #14: 1 11
Case #15: 21 1
Case #16: 6 7
Case #17: 13 0
Case #18: 1 10
Case #19: 5 13
Case #20: 1 2
Case #21: 4 4
Case #22: 5 7
Case #23: 50 50
Case #24: 36 33
Case #25: 30 28
Case #26: 19 29
Case #27: 13 31
Case #28: 14 25
Case #29: 8 26
Case #30: 7 23
Case #31: 5 29
Case #32: 6 29
Case #33: 6 25
Case #34: 11 28
Case #35: 5 32
Case #36: 4 33
Case #37: 5 36
Case #38: 2 34
Case #39: 3 36
Case #40: 3 36
Case #41: 8 38
Case #42: 2 41
Case #43: 6 32
Case #44: 7 37
Case #45: 5 39
Case #46: 8 39
Case #47: 6 43
Case #48: 6 43
Case #49: 8 46
Case #50: 7 48
Case #51: 10 53
Case #52: 8 53
Case #53: 7 53
Case #54: 10 62
Case #55: 5 62
Case #56: 5 62
Case #57: 10 66
Case #58: 8 67
Case #59: 10 67
Case #60: 11 73
Case #61: 13 76
Case #62: 14 84
Case #63: 50 49
Case #64: 28 27
Case #65: 23 16
Case #66: 19 19
Case #67: 11 16
Case #68: 13 14
Case #69: 12 12
Case #70: 11 9
Case #71: 11 7
Case #72: 12 4
Case #73: 11 11
Case #74: 10 10
Case #75: 10 8
Case #76: 10 8
Case #77: 10 8
Case #78: 7 7
Case #79: 8 6
Case #80: 8 8
Case #81: 8 11
Case #82: 6 6
Case #83: 2 3
Case #84: 1 2
Case #85: 2 2
Case #86: 1 2
Case #87: 2 1
Case #88: 1 2
Case #89: 2 4
Case #90: 1 3
Case #91: 2 2
Case #92: 2 2
Case #93: 2 2
Case #94: 1 2
Case #95: 2 2
Case #96: 2 2
Case #97: 2 2
Case #98: 2 2
Case #99: 3 2
Case #100: 9 5
